0 info it worked if it ends with ok
1 verbose cli [ 'D:\\Auto-test\\nodejs\\node.exe',
1 verbose cli   'D:\\Auto-test\\nodejs\\node_modules\\npm\\bin\\npm-cli.js',
1 verbose cli   'install',
1 verbose cli   'selenium',
1 verbose cli   '-webdriver',
1 verbose cli   '--save' ]
2 info using npm@3.10.10
3 info using node@v6.11.2
4 silly loadCurrentTree Starting
5 silly install loadCurrentTree
6 silly install readLocalPackageData
7 silly fetchPackageMetaData selenium
8 silly fetchNamedPackageData selenium
9 silly mapToRegistry name selenium
10 silly mapToRegistry using default registry
11 silly mapToRegistry registry https://registry.npmjs.org/
12 silly mapToRegistry data Result {
12 silly mapToRegistry   raw: 'selenium',
12 silly mapToRegistry   scope: null,
12 silly mapToRegistry   escapedName: 'selenium',
12 silly mapToRegistry   name: 'selenium',
12 silly mapToRegistry   rawSpec: '',
12 silly mapToRegistry   spec: 'latest',
12 silly mapToRegistry   type: 'tag' }
13 silly mapToRegistry uri https://registry.npmjs.org/selenium
14 verbose request uri https://registry.npmjs.org/selenium
15 verbose request no auth needed
16 info attempt registry request try #1 at 11:27:44
17 verbose request id 7b2e0f67d0625d66
18 verbose etag W/"595ad4b3-972"
19 verbose lastModified Mon, 03 Jul 2017 23:35:15 GMT
20 http request GET https://registry.npmjs.org/selenium
21 http 304 https://registry.npmjs.org/selenium
22 verbose headers { date: 'Fri, 25 Aug 2017 03:24:23 GMT',
22 verbose headers   via: '1.1 varnish',
22 verbose headers   'cache-control': 'max-age=300',
22 verbose headers   etag: 'W/"595ad4b3-972"',
22 verbose headers   age: '0',
22 verbose headers   connection: 'keep-alive',
22 verbose headers   'x-served-by': 'cache-nrt6122-NRT',
22 verbose headers   'x-cache': 'MISS',
22 verbose headers   'x-cache-hits': '0',
22 verbose headers   'x-timer': 'S1503631464.548066,VS0,VE133',
22 verbose headers   vary: 'Accept-Encoding, Accept' }
23 silly get cb [ 304,
23 silly get   { date: 'Fri, 25 Aug 2017 03:24:23 GMT',
23 silly get     via: '1.1 varnish',
23 silly get     'cache-control': 'max-age=300',
23 silly get     etag: 'W/"595ad4b3-972"',
23 silly get     age: '0',
23 silly get     connection: 'keep-alive',
23 silly get     'x-served-by': 'cache-nrt6122-NRT',
23 silly get     'x-cache': 'MISS',
23 silly get     'x-cache-hits': '0',
23 silly get     'x-timer': 'S1503631464.548066,VS0,VE133',
23 silly get     vary: 'Accept-Encoding, Accept' } ]
24 verbose etag https://registry.npmjs.org/selenium from cache
25 verbose get saving selenium to C:\Users\Administrator\AppData\Roaming\npm-cache\registry.npmjs.org\selenium\.cache.json
26 verbose correctMkdir C:\Users\Administrator\AppData\Roaming\npm-cache correctMkdir not in flight; initializing
27 silly install normalizeTree
28 silly loadCurrentTree Finishing
29 silly loadIdealTree Starting
30 silly install loadIdealTree
31 silly cloneCurrentTree Starting
32 silly install cloneCurrentTreeToIdealTree
33 silly cloneCurrentTree Finishing
34 silly loadShrinkwrap Starting
35 silly install loadShrinkwrap
36 silly loadShrinkwrap Finishing
37 silly loadAllDepsIntoIdealTree Starting
38 silly install loadAllDepsIntoIdealTree
39 silly resolveWithNewModule selenium@2.20.0 checking installable status
40 silly cache add args [ 'selenium', null ]
41 verbose cache add spec selenium
42 silly cache add parsed spec Result {
42 silly cache add   raw: 'selenium',
42 silly cache add   scope: null,
42 silly cache add   escapedName: 'selenium',
42 silly cache add   name: 'selenium',
42 silly cache add   rawSpec: '',
42 silly cache add   spec: 'latest',
42 silly cache add   type: 'tag' }
43 silly addNamed selenium@latest
44 verbose addNamed "latest" is being treated as a dist-tag for selenium
45 info addNameTag [ 'selenium', 'latest' ]
46 silly mapToRegistry name selenium
47 silly mapToRegistry using default registry
48 silly mapToRegistry registry https://registry.npmjs.org/
49 silly mapToRegistry data Result {
49 silly mapToRegistry   raw: 'selenium',
49 silly mapToRegistry   scope: null,
49 silly mapToRegistry   escapedName: 'selenium',
49 silly mapToRegistry   name: 'selenium',
49 silly mapToRegistry   rawSpec: '',
49 silly mapToRegistry   spec: 'latest',
49 silly mapToRegistry   type: 'tag' }
50 silly mapToRegistry uri https://registry.npmjs.org/selenium
51 verbose addNameTag registry:https://registry.npmjs.org/selenium not in flight; fetching
52 verbose get https://registry.npmjs.org/selenium not expired, no request
53 silly addNameTag next cb for selenium with tag latest
54 silly addNamed selenium@2.20.0
55 verbose addNamed "2.20.0" is a plain semver version for selenium
56 silly mapToRegistry name selenium
57 silly mapToRegistry using default registry
58 silly mapToRegistry registry https://registry.npmjs.org/
59 silly mapToRegistry data Result {
59 silly mapToRegistry   raw: 'selenium',
59 silly mapToRegistry   scope: null,
59 silly mapToRegistry   escapedName: 'selenium',
59 silly mapToRegistry   name: 'selenium',
59 silly mapToRegistry   rawSpec: '',
59 silly mapToRegistry   spec: 'latest',
59 silly mapToRegistry   type: 'tag' }
60 silly mapToRegistry uri https://registry.npmjs.org/selenium
61 verbose addRemoteTarball https://registry.npmjs.org/selenium/-/selenium-2.20.0.tgz not in flight; adding
62 verbose addRemoteTarball [ 'https://registry.npmjs.org/selenium/-/selenium-2.20.0.tgz',
62 verbose addRemoteTarball   'f515b1a162de93c2ccef2fc0ca33f3b5543e38c8' ]
63 info retry fetch attempt 1 at 11:27:45
64 info attempt registry request try #1 at 11:27:45
65 http fetch GET https://registry.npmjs.org/selenium/-/selenium-2.20.0.tgz
66 http fetch 200 https://registry.npmjs.org/selenium/-/selenium-2.20.0.tgz
67 silly fetchAndShaCheck shasum f515b1a162de93c2ccef2fc0ca33f3b5543e38c8
68 silly rollbackFailedOptional Starting
69 silly rollbackFailedOptional Finishing
70 silly runTopLevelLifecycles Finishing
71 silly install printInstalled
72 verbose stack Error: shasum check failed for C:\Users\ADMINI~1\AppData\Local\Temp\npm-8200-c3606f47\registry.npmjs.org\selenium\-\selenium-2.20.0.tgz
72 verbose stack Expected: f515b1a162de93c2ccef2fc0ca33f3b5543e38c8
72 verbose stack Actual:   e89726a474f85853e1bea1f4144d96767fedb015
72 verbose stack From:     https://registry.npmjs.org/selenium/-/selenium-2.20.0.tgz
72 verbose stack     at D:\Auto-test\nodejs\node_modules\npm\node_modules\sha\index.js:25:8
72 verbose stack     at ReadStream.<anonymous> (D:\Auto-test\nodejs\node_modules\npm\node_modules\sha\index.js:72:7)
72 verbose stack     at emitNone (events.js:91:20)
72 verbose stack     at ReadStream.emit (events.js:185:7)
72 verbose stack     at endReadableNT (_stream_readable.js:974:12)
72 verbose stack     at _combinedTickCallback (internal/process/next_tick.js:80:11)
72 verbose stack     at process._tickCallback (internal/process/next_tick.js:104:9)
73 verbose cwd D:\Auto-test\testcode\QFII
74 error Windows_NT 6.1.7601
75 error argv "D:\\Auto-test\\nodejs\\node.exe" "D:\\Auto-test\\nodejs\\node_modules\\npm\\bin\\npm-cli.js" "install" "selenium" "-webdriver" "--save"
76 error node v6.11.2
77 error npm  v3.10.10
78 error shasum check failed for C:\Users\ADMINI~1\AppData\Local\Temp\npm-8200-c3606f47\registry.npmjs.org\selenium\-\selenium-2.20.0.tgz
78 error Expected: f515b1a162de93c2ccef2fc0ca33f3b5543e38c8
78 error Actual:   e89726a474f85853e1bea1f4144d96767fedb015
78 error From:     https://registry.npmjs.org/selenium/-/selenium-2.20.0.tgz
79 error If you need help, you may report this error at:
79 error     <https://github.com/npm/npm/issues>
80 verbose exit [ 1, true ]
